<?xml version="1.0" encoding="UTF-8"?>
<!-- Generated by org.testng.reporters.JUnitXMLReporter -->
<testsuite hostname="acer" ignored="0" name="restAssuredTests" tests="15" failures="0" timestamp="16 Apr 2020 10:02:41 GMT" time="17.065" errors="0">
  <testcase name="CheckContentEncoding" time="0.02" classname="com.restassured.testcases.TC001_GET_AllEmployees"/>
  <testcase name="CheckContentLength" time="0.003" classname="com.restassured.testcases.TC001_GET_AllEmployees"/>
  <testcase name="CheckContentType" time="0.005" classname="com.restassured.testcases.TC001_GET_AllEmployees"/>
  <testcase name="CheckResponseBody" time="0.037" classname="com.restassured.testcases.TC001_GET_AllEmployees"/>
  <testcase name="CheckResponseTime" time="0.004" classname="com.restassured.testcases.TC001_GET_AllEmployees"/>
  <testcase name="CheckServer" time="0.009" classname="com.restassured.testcases.TC001_GET_AllEmployees"/>
  <testcase name="CheckStatusCode" time="0.003" classname="com.restassured.testcases.TC001_GET_AllEmployees"/>
  <testcase name="CheckStatusLine" time="0.005" classname="com.restassured.testcases.TC001_GET_AllEmployees"/>
  <testcase name="getCookies" time="0.007" classname="com.restassured.testcases.TC001_GET_AllEmployees"/>
  <testcase name="CheckResponseBody" time="0.003" classname="com.restassured.testcases.TC003_POST_AddEmployee"/>
  <testcase name="CheckResponseTime" time="0.004" classname="com.restassured.testcases.TC003_POST_AddEmployee"/>
  <testcase name="CheckStatusCode" time="0.003" classname="com.restassured.testcases.TC003_POST_AddEmployee"/>
  <testcase name="CheckResponseBody" time="0.002" classname="com.restassured.testcases.TC004_PUT_EditSingleEmployee"/>
  <testcase name="CheckResponseTime" time="0.002" classname="com.restassured.testcases.TC004_PUT_EditSingleEmployee"/>
  <testcase name="CheckStatusCode" time="0.002" classname="com.restassured.testcases.TC004_PUT_EditSingleEmployee"/>
</testsuite> <!-- restAssuredTests -->
